2024-10-30T06:55:40.809+03:00  INFO 10012 --- [SBootEdu] [main] com.gka.SBootEduApplicationTests         : Starting SBootEduApplicationTests using Java 17.0.13 with PID 10012 (started by alkev in C:\Users\alkev\IdeaProjects\SBootEdu)
2024-10-30T06:55:40.813+03:00  INFO 10012 --- [SBootEdu] [main] com.gka.SBootEduApplicationTests         : No active profile set, falling back to 1 default profile: "default"
2024-10-30T06:55:41.597+03:00  INFO 10012 --- [SBootEdu] [main] .s.d.r.c.RepositoryConfigurationDelegate : Bootstrapping Spring Data JPA repositories in DEFAULT mode.
2024-10-30T06:55:41.617+03:00  INFO 10012 --- [SBootEdu] [main] .s.d.r.c.RepositoryConfigurationDelegate : Finished Spring Data repository scanning in 12 ms. Found 0 JPA repository interfaces.
2024-10-30T06:55:42.182+03:00  INFO 10012 --- [SBootEdu] [main] o.hibernate.jpa.internal.util.LogHelper  : HHH000204: Processing PersistenceUnitInfo [name: default]
2024-10-30T06:55:42.266+03:00  INFO 10012 --- [SBootEdu] [main] org.hibernate.Version                    : HHH000412: Hibernate ORM core version 6.4.10.Final
2024-10-30T06:55:42.297+03:00  INFO 10012 --- [SBootEdu] [main] o.h.c.internal.RegionFactoryInitiator    : HHH000026: Second-level cache disabled
2024-10-30T06:55:42.513+03:00  INFO 10012 --- [SBootEdu] [main] o.s.o.j.p.SpringPersistenceUnitInfo      : No LoadTimeWeaver setup: ignoring JPA class transformer
2024-10-30T06:55:42.538+03:00  INFO 10012 --- [SBootEdu] [main] com.zaxxer.hikari.HikariDataSource       : HikariPool-1 - Starting...
2024-10-30T06:55:42.718+03:00  INFO 10012 --- [SBootEdu] [main] com.zaxxer.hikari.pool.HikariPool        : HikariPool-1 - Added connection conn0: url=jdbc:h2:file:./memory_persist/denemedb user=ROOT
2024-10-30T06:55:42.720+03:00  INFO 10012 --- [SBootEdu] [main] com.zaxxer.hikari.HikariDataSource       : HikariPool-1 - Start completed.
2024-10-30T06:55:43.024+03:00  INFO 10012 --- [SBootEdu] [main] o.h.e.t.j.p.i.JtaPlatformInitiator       : HHH000489: No JTA platform available (set 'hibernate.transaction.jta.platform' to enable JTA platform integration)
2024-10-30T06:55:43.028+03:00  INFO 10012 --- [SBootEdu] [main] j.LocalContainerEntityManagerFactoryBean : Initialized JPA EntityManagerFactory for persistence unit 'default'
2024-10-30T06:55:43.292+03:00  WARN 10012 --- [SBootEdu] [main] JpaBaseConfiguration$JpaWebConfiguration : spring.jpa.open-in-view is enabled by default. Therefore, database queries may be performed during view rendering. Explicitly configure spring.jpa.open-in-view to disable this warning
2024-10-30T06:55:43.782+03:00  WARN 10012 --- [SBootEdu] [main] ion$DefaultTemplateResolverConfiguration : Cannot find template location: classpath:/templates/ (please add some templates, check your Thymeleaf configuration, or set spring.thymeleaf.check-template-location=false)
2024-10-30T06:55:44.257+03:00  INFO 10012 --- [SBootEdu] [main] o.s.b.a.h2.H2ConsoleAutoConfiguration    : H2 console available at '/h2-console'. Database available at 'jdbc:h2:file:./memory_persist/denemedb'
2024-10-30T06:55:44.300+03:00  INFO 10012 --- [SBootEdu] [main] o.s.b.a.e.web.EndpointLinksResolver      : Exposing 1 endpoint(s) beneath base path '/actuator'
2024-10-30T06:55:44.378+03:00  INFO 10012 --- [SBootEdu] [main] com.gka.SBootEduApplicationTests         : Started SBootEduApplicationTests in 3.845 seconds (process running for 4.794)
2024-10-30T06:55:44.875+03:00  INFO 10012 --- [SBootEdu] [SpringApplicationShutdownHook] j.LocalContainerEntityManagerFactoryBean : Closing JPA EntityManagerFactory for persistence unit 'default'
2024-10-30T06:55:44.877+03:00  INFO 10012 --- [SBootEdu] [SpringApplicationShutdownHook] com.zaxxer.hikari.HikariDataSource       : HikariPool-1 - Shutdown initiated...
2024-10-30T06:55:44.879+03:00  INFO 10012 --- [SBootEdu] [SpringApplicationShutdownHook] com.zaxxer.hikari.HikariDataSource       : HikariPool-1 - Shutdown completed.
2024-10-30T06:56:07.430+03:00  INFO 40312 --- [SBootEdu] [restartedMain] com.gka.SBootEduApplication              : Starting SBootEduApplication using Java 17.0.13 with PID 40312 (C:\Users\alkev\IdeaProjects\SBootEdu\target\classes started by alkev in C:\Users\alkev\IdeaProjects\SBootEdu)
2024-10-30T06:56:07.431+03:00  INFO 40312 --- [SBootEdu] [restartedMain] com.gka.SBootEduApplication              : No active profile set, falling back to 1 default profile: "default"
2024-10-30T06:56:07.461+03:00  INFO 40312 --- [SBootEdu] [restartedMain] .e.DevToolsPropertyDefaultsPostProcessor : Devtools property defaults active! Set 'spring.devtools.add-properties' to 'false' to disable
2024-10-30T06:56:07.462+03:00  INFO 40312 --- [SBootEdu] [restartedMain] .e.DevToolsPropertyDefaultsPostProcessor : For additional web related logging consider setting the 'logging.level.web' property to 'DEBUG'
2024-10-30T06:56:08.043+03:00  INFO 40312 --- [SBootEdu] [restartedMain] .s.d.r.c.RepositoryConfigurationDelegate : Bootstrapping Spring Data JPA repositories in DEFAULT mode.
2024-10-30T06:56:08.057+03:00  INFO 40312 --- [SBootEdu] [restartedMain] .s.d.r.c.RepositoryConfigurationDelegate : Finished Spring Data repository scanning in 8 ms. Found 0 JPA repository interfaces.
2024-10-30T06:56:08.510+03:00  INFO 40312 --- [SBootEdu] [restartedMain] o.s.b.w.embedded.tomcat.TomcatWebServer  : Tomcat initialized with port 8080 (http)
2024-10-30T06:56:08.520+03:00  INFO 40312 --- [SBootEdu] [restartedMain] o.apache.catalina.core.StandardService   : Starting service [Tomcat]
2024-10-30T06:56:08.520+03:00  INFO 40312 --- [SBootEdu] [restartedMain] o.apache.catalina.core.StandardEngine    : Starting Servlet engine: [Apache Tomcat/10.1.31]
2024-10-30T06:56:08.557+03:00  INFO 40312 --- [SBootEdu] [restartedMain] o.a.c.c.C.[Tomcat].[localhost].[/]       : Initializing Spring embedded WebApplicationContext
2024-10-30T06:56:08.557+03:00  INFO 40312 --- [SBootEdu] [restartedMain] w.s.c.ServletWebServerApplicationContext : Root WebApplicationContext: initialization completed in 1095 ms
2024-10-30T06:56:08.633+03:00  INFO 40312 --- [SBootEdu] [restartedMain] com.zaxxer.hikari.HikariDataSource       : HikariPool-1 - Starting...
2024-10-30T06:56:08.787+03:00  INFO 40312 --- [SBootEdu] [restartedMain] com.zaxxer.hikari.pool.HikariPool        : HikariPool-1 - Added connection conn0: url=jdbc:h2:file:./memory_persist/denemedb user=ROOT
2024-10-30T06:56:08.788+03:00  INFO 40312 --- [SBootEdu] [restartedMain] com.zaxxer.hikari.HikariDataSource       : HikariPool-1 - Start completed.
2024-10-30T06:56:08.797+03:00  INFO 40312 --- [SBootEdu] [restartedMain] o.s.b.a.h2.H2ConsoleAutoConfiguration    : H2 console available at '/h2-console'. Database available at 'jdbc:h2:file:./memory_persist/denemedb'
2024-10-30T06:56:08.934+03:00  INFO 40312 --- [SBootEdu] [restartedMain] o.hibernate.jpa.internal.util.LogHelper  : HHH000204: Processing PersistenceUnitInfo [name: default]
2024-10-30T06:56:08.972+03:00  INFO 40312 --- [SBootEdu] [restartedMain] org.hibernate.Version                    : HHH000412: Hibernate ORM core version 6.4.10.Final
2024-10-30T06:56:08.998+03:00  INFO 40312 --- [SBootEdu] [restartedMain] o.h.c.internal.RegionFactoryInitiator    : HHH000026: Second-level cache disabled
2024-10-30T06:56:09.174+03:00  INFO 40312 --- [SBootEdu] [restartedMain] o.s.o.j.p.SpringPersistenceUnitInfo      : No LoadTimeWeaver setup: ignoring JPA class transformer
2024-10-30T06:56:09.451+03:00  INFO 40312 --- [SBootEdu] [restartedMain] o.h.e.t.j.p.i.JtaPlatformInitiator       : HHH000489: No JTA platform available (set 'hibernate.transaction.jta.platform' to enable JTA platform integration)
2024-10-30T06:56:09.454+03:00  INFO 40312 --- [SBootEdu] [restartedMain] j.LocalContainerEntityManagerFactoryBean : Initialized JPA EntityManagerFactory for persistence unit 'default'
2024-10-30T06:56:09.537+03:00  WARN 40312 --- [SBootEdu] [restartedMain] JpaBaseConfiguration$JpaWebConfiguration : spring.jpa.open-in-view is enabled by default. Therefore, database queries may be performed during view rendering. Explicitly configure spring.jpa.open-in-view to disable this warning
2024-10-30T06:56:09.794+03:00  WARN 40312 --- [SBootEdu] [restartedMain] ion$DefaultTemplateResolverConfiguration : Cannot find template location: classpath:/templates/ (please add some templates, check your Thymeleaf configuration, or set spring.thymeleaf.check-template-location=false)
2024-10-30T06:56:10.116+03:00  INFO 40312 --- [SBootEdu] [restartedMain] o.s.b.d.a.OptionalLiveReloadServer       : LiveReload server is running on port 35729
2024-10-30T06:56:10.121+03:00  INFO 40312 --- [SBootEdu] [restartedMain] o.s.b.a.e.web.EndpointLinksResolver      : Exposing 1 endpoint(s) beneath base path '/actuator'
2024-10-30T06:56:10.179+03:00  INFO 40312 --- [SBootEdu] [restartedMain] o.s.b.w.embedded.tomcat.TomcatWebServer  : Tomcat started on port 8080 (http) with context path ''
2024-10-30T06:56:10.191+03:00  INFO 40312 --- [SBootEdu] [restartedMain] com.gka.SBootEduApplication              : Started SBootEduApplication in 3.066 seconds (process running for 3.577)
2024-10-30T06:56:10.477+03:00  INFO 40312 --- [SBootEdu] [RMI TCP Connection(1)-192.168.1.104] o.a.c.c.C.[Tomcat].[localhost].[/]       : Initializing Spring DispatcherServlet 'dispatcherServlet'
2024-10-30T06:56:10.478+03:00  INFO 40312 --- [SBootEdu] [RMI TCP Connection(1)-192.168.1.104] o.s.web.servlet.DispatcherServlet        : Initializing Servlet 'dispatcherServlet'
2024-10-30T06:56:10.479+03:00  INFO 40312 --- [SBootEdu] [RMI TCP Connection(1)-192.168.1.104] o.s.web.servlet.DispatcherServlet        : Completed initialization in 1 ms
2024-10-30T06:57:07.102+03:00  INFO 40312 --- [SBootEdu] [SpringApplicationShutdownHook] j.LocalContainerEntityManagerFactoryBean : Closing JPA EntityManagerFactory for persistence unit 'default'
2024-10-30T06:57:07.104+03:00  INFO 40312 --- [SBootEdu] [SpringApplicationShutdownHook] com.zaxxer.hikari.HikariDataSource       : HikariPool-1 - Shutdown initiated...
2024-10-30T06:57:07.106+03:00  INFO 40312 --- [SBootEdu] [SpringApplicationShutdownHook] com.zaxxer.hikari.HikariDataSource       : HikariPool-1 - Shutdown completed.
2024-10-30T06:57:09.899+03:00  INFO 45660 --- [SBootEdu] [restartedMain] com.gka.SBootEduApplication              : Starting SBootEduApplication using Java 17.0.13 with PID 45660 (C:\Users\alkev\IdeaProjects\SBootEdu\target\classes started by alkev in C:\Users\alkev\IdeaProjects\SBootEdu)
2024-10-30T06:57:09.901+03:00  INFO 45660 --- [SBootEdu] [restartedMain] com.gka.SBootEduApplication              : No active profile set, falling back to 1 default profile: "default"
2024-10-30T06:57:09.938+03:00  INFO 45660 --- [SBootEdu] [restartedMain] .e.DevToolsPropertyDefaultsPostProcessor : Devtools property defaults active! Set 'spring.devtools.add-properties' to 'false' to disable
2024-10-30T06:57:09.940+03:00  INFO 45660 --- [SBootEdu] [restartedMain] .e.DevToolsPropertyDefaultsPostProcessor : For additional web related logging consider setting the 'logging.level.web' property to 'DEBUG'
2024-10-30T06:57:10.501+03:00  INFO 45660 --- [SBootEdu] [restartedMain] .s.d.r.c.RepositoryConfigurationDelegate : Bootstrapping Spring Data JPA repositories in DEFAULT mode.
2024-10-30T06:57:10.516+03:00  INFO 45660 --- [SBootEdu] [restartedMain] .s.d.r.c.RepositoryConfigurationDelegate : Finished Spring Data repository scanning in 9 ms. Found 0 JPA repository interfaces.
2024-10-30T06:57:10.980+03:00  INFO 45660 --- [SBootEdu] [restartedMain] o.s.b.w.embedded.tomcat.TomcatWebServer  : Tomcat initialized with port 8080 (http)
2024-10-30T06:57:10.989+03:00  INFO 45660 --- [SBootEdu] [restartedMain] o.apache.catalina.core.StandardService   : Starting service [Tomcat]
2024-10-30T06:57:10.989+03:00  INFO 45660 --- [SBootEdu] [restartedMain] o.apache.catalina.core.StandardEngine    : Starting Servlet engine: [Apache Tomcat/10.1.31]
2024-10-30T06:57:11.022+03:00  INFO 45660 --- [SBootEdu] [restartedMain] o.a.c.c.C.[Tomcat].[localhost].[/]       : Initializing Spring embedded WebApplicationContext
2024-10-30T06:57:11.022+03:00  INFO 45660 --- [SBootEdu] [restartedMain] w.s.c.ServletWebServerApplicationContext : Root WebApplicationContext: initialization completed in 1082 ms
2024-10-30T06:57:11.100+03:00  INFO 45660 --- [SBootEdu] [restartedMain] com.zaxxer.hikari.HikariDataSource       : HikariPool-1 - Starting...
2024-10-30T06:57:11.251+03:00  INFO 45660 --- [SBootEdu] [restartedMain] com.zaxxer.hikari.pool.HikariPool        : HikariPool-1 - Added connection conn0: url=jdbc:h2:file:./memory_persist/denemedb user=ROOT
2024-10-30T06:57:11.252+03:00  INFO 45660 --- [SBootEdu] [restartedMain] com.zaxxer.hikari.HikariDataSource       : HikariPool-1 - Start completed.
2024-10-30T06:57:11.259+03:00  INFO 45660 --- [SBootEdu] [restartedMain] o.s.b.a.h2.H2ConsoleAutoConfiguration    : H2 console available at '/h2-console'. Database available at 'jdbc:h2:file:./memory_persist/denemedb'
2024-10-30T06:57:11.370+03:00  INFO 45660 --- [SBootEdu] [restartedMain] o.hibernate.jpa.internal.util.LogHelper  : HHH000204: Processing PersistenceUnitInfo [name: default]
2024-10-30T06:57:11.405+03:00  INFO 45660 --- [SBootEdu] [restartedMain] org.hibernate.Version                    : HHH000412: Hibernate ORM core version 6.4.10.Final
2024-10-30T06:57:11.427+03:00  INFO 45660 --- [SBootEdu] [restartedMain] o.h.c.internal.RegionFactoryInitiator    : HHH000026: Second-level cache disabled
2024-10-30T06:57:11.575+03:00  INFO 45660 --- [SBootEdu] [restartedMain] o.s.o.j.p.SpringPersistenceUnitInfo      : No LoadTimeWeaver setup: ignoring JPA class transformer
2024-10-30T06:57:11.822+03:00  INFO 45660 --- [SBootEdu] [restartedMain] o.h.e.t.j.p.i.JtaPlatformInitiator       : HHH000489: No JTA platform available (set 'hibernate.transaction.jta.platform' to enable JTA platform integration)
2024-10-30T06:57:11.826+03:00  INFO 45660 --- [SBootEdu] [restartedMain] j.LocalContainerEntityManagerFactoryBean : Initialized JPA EntityManagerFactory for persistence unit 'default'
2024-10-30T06:57:11.911+03:00  WARN 45660 --- [SBootEdu] [restartedMain] JpaBaseConfiguration$JpaWebConfiguration : spring.jpa.open-in-view is enabled by default. Therefore, database queries may be performed during view rendering. Explicitly configure spring.jpa.open-in-view to disable this warning
2024-10-30T06:57:12.152+03:00  WARN 45660 --- [SBootEdu] [restartedMain] ion$DefaultTemplateResolverConfiguration : Cannot find template location: classpath:/templates/ (please add some templates, check your Thymeleaf configuration, or set spring.thymeleaf.check-template-location=false)
2024-10-30T06:57:12.457+03:00  INFO 45660 --- [SBootEdu] [restartedMain] o.s.b.d.a.OptionalLiveReloadServer       : LiveReload server is running on port 35729
2024-10-30T06:57:12.463+03:00  INFO 45660 --- [SBootEdu] [restartedMain] o.s.b.a.e.web.EndpointLinksResolver      : Exposing 1 endpoint(s) beneath base path '/actuator'
2024-10-30T06:57:12.519+03:00  INFO 45660 --- [SBootEdu] [restartedMain] o.s.b.w.embedded.tomcat.TomcatWebServer  : Tomcat started on port 8080 (http) with context path ''
2024-10-30T06:57:12.531+03:00  INFO 45660 --- [SBootEdu] [restartedMain] com.gka.SBootEduApplication              : Started SBootEduApplication in 2.927 seconds (process running for 3.408)
2024-10-30T06:57:12.806+03:00  INFO 45660 --- [SBootEdu] [RMI TCP Connection(2)-192.168.1.104] o.a.c.c.C.[Tomcat].[localhost].[/]       : Initializing Spring DispatcherServlet 'dispatcherServlet'
2024-10-30T06:57:12.807+03:00  INFO 45660 --- [SBootEdu] [RMI TCP Connection(2)-192.168.1.104] o.s.web.servlet.DispatcherServlet        : Initializing Servlet 'dispatcherServlet'
2024-10-30T06:57:12.809+03:00  INFO 45660 --- [SBootEdu] [RMI TCP Connection(2)-192.168.1.104] o.s.web.servlet.DispatcherServlet        : Completed initialization in 0 ms
2024-10-30T06:57:56.403+03:00  INFO 45660 --- [SBootEdu] [File Watcher] rtingClassPathChangeChangedEventListener : Restarting due to 1 class path change (0 additions, 1 deletion, 0 modifications)
2024-10-30T06:57:56.539+03:00  INFO 45660 --- [SBootEdu] [Thread-6] j.LocalContainerEntityManagerFactoryBean : Closing JPA EntityManagerFactory for persistence unit 'default'
2024-10-30T06:57:56.542+03:00  INFO 45660 --- [SBootEdu] [Thread-6] com.zaxxer.hikari.HikariDataSource       : HikariPool-1 - Shutdown initiated...
2024-10-30T06:57:56.555+03:00  INFO 45660 --- [SBootEdu] [Thread-6] com.zaxxer.hikari.HikariDataSource       : HikariPool-1 - Shutdown completed.
2024-10-30T06:57:56.614+03:00  INFO 45660 --- [SBootEdu] [restartedMain] com.gka.SBootEduApplication              : Starting SBootEduApplication using Java 17.0.13 with PID 45660 (C:\Users\alkev\IdeaProjects\SBootEdu\target\classes started by alkev in C:\Users\alkev\IdeaProjects\SBootEdu)
2024-10-30T06:57:56.614+03:00  INFO 45660 --- [SBootEdu] [restartedMain] com.gka.SBootEduApplication              : No active profile set, falling back to 1 default profile: "default"
2024-10-30T06:57:56.798+03:00  INFO 45660 --- [SBootEdu] [restartedMain] .s.d.r.c.RepositoryConfigurationDelegate : Bootstrapping Spring Data JPA repositories in DEFAULT mode.
2024-10-30T06:57:56.799+03:00  INFO 45660 --- [SBootEdu] [restartedMain] .s.d.r.c.RepositoryConfigurationDelegate : Finished Spring Data repository scanning in 1 ms. Found 0 JPA repository interfaces.
2024-10-30T06:57:56.929+03:00  INFO 45660 --- [SBootEdu] [restartedMain] o.s.b.w.embedded.tomcat.TomcatWebServer  : Tomcat initialized with port 8080 (http)
2024-10-30T06:57:56.930+03:00  INFO 45660 --- [SBootEdu] [restartedMain] o.apache.catalina.core.StandardService   : Starting service [Tomcat]
2024-10-30T06:57:56.930+03:00  INFO 45660 --- [SBootEdu] [restartedMain] o.apache.catalina.core.StandardEngine    : Starting Servlet engine: [Apache Tomcat/10.1.31]
2024-10-30T06:57:56.942+03:00  INFO 45660 --- [SBootEdu] [restartedMain] o.a.c.c.C.[Tomcat].[localhost].[/]       : Initializing Spring embedded WebApplicationContext
2024-10-30T06:57:56.943+03:00  INFO 45660 --- [SBootEdu] [restartedMain] w.s.c.ServletWebServerApplicationContext : Root WebApplicationContext: initialization completed in 327 ms
2024-10-30T06:57:56.982+03:00  INFO 45660 --- [SBootEdu] [restartedMain] com.zaxxer.hikari.HikariDataSource       : HikariPool-2 - Starting...
2024-10-30T06:57:56.990+03:00  INFO 45660 --- [SBootEdu] [restartedMain] com.zaxxer.hikari.pool.HikariPool        : HikariPool-2 - Added connection conn10: url=jdbc:h2:file:./memory_persist/denemedb user=ROOT
2024-10-30T06:57:56.990+03:00  INFO 45660 --- [SBootEdu] [restartedMain] com.zaxxer.hikari.HikariDataSource       : HikariPool-2 - Start completed.
2024-10-30T06:57:56.990+03:00  INFO 45660 --- [SBootEdu] [restartedMain] o.s.b.a.h2.H2ConsoleAutoConfiguration    : H2 console available at '/h2-console'. Database available at 'jdbc:h2:file:./memory_persist/denemedb'
2024-10-30T06:57:57.036+03:00  INFO 45660 --- [SBootEdu] [restartedMain] o.hibernate.jpa.internal.util.LogHelper  : HHH000204: Processing PersistenceUnitInfo [name: default]
2024-10-30T06:57:57.038+03:00  INFO 45660 --- [SBootEdu] [restartedMain] o.h.c.internal.RegionFactoryInitiator    : HHH000026: Second-level cache disabled
2024-10-30T06:57:57.042+03:00  INFO 45660 --- [SBootEdu] [restartedMain] o.s.o.j.p.SpringPersistenceUnitInfo      : No LoadTimeWeaver setup: ignoring JPA class transformer
2024-10-30T06:57:57.053+03:00  INFO 45660 --- [SBootEdu] [restartedMain] o.h.e.t.j.p.i.JtaPlatformInitiator       : HHH000489: No JTA platform available (set 'hibernate.transaction.jta.platform' to enable JTA platform integration)
2024-10-30T06:57:57.054+03:00  INFO 45660 --- [SBootEdu] [restartedMain] j.LocalContainerEntityManagerFactoryBean : Initialized JPA EntityManagerFactory for persistence unit 'default'
2024-10-30T06:57:57.095+03:00  WARN 45660 --- [SBootEdu] [restartedMain] JpaBaseConfiguration$JpaWebConfiguration : spring.jpa.open-in-view is enabled by default. Therefore, database queries may be performed during view rendering. Explicitly configure spring.jpa.open-in-view to disable this warning
2024-10-30T06:57:57.218+03:00  WARN 45660 --- [SBootEdu] [restartedMain] ion$DefaultTemplateResolverConfiguration : Cannot find template location: classpath:/templates/ (please add some templates, check your Thymeleaf configuration, or set spring.thymeleaf.check-template-location=false)
2024-10-30T06:57:57.391+03:00  INFO 45660 --- [SBootEdu] [restartedMain] o.s.b.d.a.OptionalLiveReloadServer       : LiveReload server is running on port 35729
2024-10-30T06:57:57.395+03:00  INFO 45660 --- [SBootEdu] [restartedMain] o.s.b.a.e.web.EndpointLinksResolver      : Exposing 1 endpoint(s) beneath base path '/actuator'
2024-10-30T06:57:57.417+03:00  INFO 45660 --- [SBootEdu] [restartedMain] o.s.b.w.embedded.tomcat.TomcatWebServer  : Tomcat started on port 8080 (http) with context path ''
2024-10-30T06:57:57.424+03:00  INFO 45660 --- [SBootEdu] [restartedMain] com.gka.SBootEduApplication              : Started SBootEduApplication in 0.827 seconds (process running for 48.3)
2024-10-30T06:57:57.426+03:00  INFO 45660 --- [SBootEdu] [restartedMain] .ConditionEvaluationDeltaLoggingListener : Condition evaluation unchanged
2024-10-30T06:57:58.812+03:00  INFO 45660 --- [SBootEdu] [File Watcher] rtingClassPathChangeChangedEventListener : Restarting due to 1 class path change (1 addition, 0 deletions, 0 modifications)
2024-10-30T06:57:58.918+03:00  INFO 45660 --- [SBootEdu] [Thread-8] j.LocalContainerEntityManagerFactoryBean : Closing JPA EntityManagerFactory for persistence unit 'default'
2024-10-30T06:57:58.919+03:00  INFO 45660 --- [SBootEdu] [Thread-8] com.zaxxer.hikari.HikariDataSource       : HikariPool-2 - Shutdown initiated...
2024-10-30T06:57:58.929+03:00  INFO 45660 --- [SBootEdu] [Thread-8] com.zaxxer.hikari.HikariDataSource       : HikariPool-2 - Shutdown completed.
2024-10-30T06:57:58.975+03:00  INFO 45660 --- [SBootEdu] [restartedMain] com.gka.SBootEduApplication              : Starting SBootEduApplication using Java 17.0.13 with PID 45660 (C:\Users\alkev\IdeaProjects\SBootEdu\target\classes started by alkev in C:\Users\alkev\IdeaProjects\SBootEdu)
2024-10-30T06:57:58.975+03:00  INFO 45660 --- [SBootEdu] [restartedMain] com.gka.SBootEduApplication              : No active profile set, falling back to 1 default profile: "default"
2024-10-30T06:57:59.137+03:00  INFO 45660 --- [SBootEdu] [restartedMain] .s.d.r.c.RepositoryConfigurationDelegate : Bootstrapping Spring Data JPA repositories in DEFAULT mode.
2024-10-30T06:57:59.139+03:00  INFO 45660 --- [SBootEdu] [restartedMain] .s.d.r.c.RepositoryConfigurationDelegate : Finished Spring Data repository scanning in 1 ms. Found 0 JPA repository interfaces.
2024-10-30T06:57:59.218+03:00  INFO 45660 --- [SBootEdu] [restartedMain] o.s.b.w.embedded.tomcat.TomcatWebServer  : Tomcat initialized with port 8080 (http)
2024-10-30T06:57:59.219+03:00  INFO 45660 --- [SBootEdu] [restartedMain] o.apache.catalina.core.StandardService   : Starting service [Tomcat]
2024-10-30T06:57:59.219+03:00  INFO 45660 --- [SBootEdu] [restartedMain] o.apache.catalina.core.StandardEngine    : Starting Servlet engine: [Apache Tomcat/10.1.31]
2024-10-30T06:57:59.229+03:00  INFO 45660 --- [SBootEdu] [restartedMain] o.a.c.c.C.[Tomcat].[localhost].[/]       : Initializing Spring embedded WebApplicationContext
2024-10-30T06:57:59.229+03:00  INFO 45660 --- [SBootEdu] [restartedMain] w.s.c.ServletWebServerApplicationContext : Root WebApplicationContext: initialization completed in 253 ms
2024-10-30T06:57:59.261+03:00  INFO 45660 --- [SBootEdu] [restartedMain] com.zaxxer.hikari.HikariDataSource       : HikariPool-3 - Starting...
2024-10-30T06:57:59.266+03:00  INFO 45660 --- [SBootEdu] [restartedMain] com.zaxxer.hikari.pool.HikariPool        : HikariPool-3 - Added connection conn20: url=jdbc:h2:file:./memory_persist/denemedb user=ROOT
2024-10-30T06:57:59.266+03:00  INFO 45660 --- [SBootEdu] [restartedMain] com.zaxxer.hikari.HikariDataSource       : HikariPool-3 - Start completed.
2024-10-30T06:57:59.266+03:00  INFO 45660 --- [SBootEdu] [restartedMain] o.s.b.a.h2.H2ConsoleAutoConfiguration    : H2 console available at '/h2-console'. Database available at 'jdbc:h2:file:./memory_persist/denemedb'
2024-10-30T06:57:59.301+03:00  INFO 45660 --- [SBootEdu] [restartedMain] o.hibernate.jpa.internal.util.LogHelper  : HHH000204: Processing PersistenceUnitInfo [name: default]
2024-10-30T06:57:59.302+03:00  INFO 45660 --- [SBootEdu] [restartedMain] o.h.c.internal.RegionFactoryInitiator    : HHH000026: Second-level cache disabled
2024-10-30T06:57:59.305+03:00  INFO 45660 --- [SBootEdu] [restartedMain] o.s.o.j.p.SpringPersistenceUnitInfo      : No LoadTimeWeaver setup: ignoring JPA class transformer
2024-10-30T06:57:59.317+03:00  INFO 45660 --- [SBootEdu] [restartedMain] o.h.e.t.j.p.i.JtaPlatformInitiator       : HHH000489: No JTA platform available (set 'hibernate.transaction.jta.platform' to enable JTA platform integration)
2024-10-30T06:57:59.317+03:00  INFO 45660 --- [SBootEdu] [restartedMain] j.LocalContainerEntityManagerFactoryBean : Initialized JPA EntityManagerFactory for persistence unit 'default'
2024-10-30T06:57:59.346+03:00  WARN 45660 --- [SBootEdu] [restartedMain] JpaBaseConfiguration$JpaWebConfiguration : spring.jpa.open-in-view is enabled by default. Therefore, database queries may be performed during view rendering. Explicitly configure spring.jpa.open-in-view to disable this warning
2024-10-30T06:57:59.480+03:00  WARN 45660 --- [SBootEdu] [restartedMain] ion$DefaultTemplateResolverConfiguration : Cannot find template location: classpath:/templates/ (please add some templates, check your Thymeleaf configuration, or set spring.thymeleaf.check-template-location=false)
2024-10-30T06:57:59.649+03:00  INFO 45660 --- [SBootEdu] [restartedMain] o.s.b.d.a.OptionalLiveReloadServer       : LiveReload server is running on port 35729
2024-10-30T06:57:59.652+03:00  INFO 45660 --- [SBootEdu] [restartedMain] o.s.b.a.e.web.EndpointLinksResolver      : Exposing 1 endpoint(s) beneath base path '/actuator'
2024-10-30T06:57:59.672+03:00  INFO 45660 --- [SBootEdu] [restartedMain] o.s.b.w.embedded.tomcat.TomcatWebServer  : Tomcat started on port 8080 (http) with context path ''
2024-10-30T06:57:59.678+03:00  INFO 45660 --- [SBootEdu] [restartedMain] com.gka.SBootEduApplication              : Started SBootEduApplication in 0.718 seconds (process running for 50.555)
2024-10-30T06:57:59.680+03:00  INFO 45660 --- [SBootEdu] [restartedMain] .ConditionEvaluationDeltaLoggingListener : Condition evaluation unchanged
2024-10-30T06:57:59.807+03:00  INFO 45660 --- [SBootEdu] [http-nio-8080-exec-1] o.a.c.c.C.[Tomcat].[localhost].[/]       : Initializing Spring DispatcherServlet 'dispatcherServlet'
2024-10-30T06:57:59.807+03:00  INFO 45660 --- [SBootEdu] [http-nio-8080-exec-1] o.s.web.servlet.DispatcherServlet        : Initializing Servlet 'dispatcherServlet'
2024-10-30T06:57:59.808+03:00  INFO 45660 --- [SBootEdu] [http-nio-8080-exec-1] o.s.web.servlet.DispatcherServlet        : Completed initialization in 1 ms
2024-10-30T06:58:37.731+03:00  INFO 45660 --- [SBootEdu] [SpringApplicationShutdownHook] j.LocalContainerEntityManagerFactoryBean : Closing JPA EntityManagerFactory for persistence unit 'default'
2024-10-30T06:58:37.731+03:00  INFO 45660 --- [SBootEdu] [SpringApplicationShutdownHook] com.zaxxer.hikari.HikariDataSource       : HikariPool-3 - Shutdown initiated...
2024-10-30T06:58:37.732+03:00  INFO 45660 --- [SBootEdu] [SpringApplicationShutdownHook] com.zaxxer.hikari.HikariDataSource       : HikariPool-3 - Shutdown completed.
2024-10-30T06:58:40.448+03:00  INFO 42272 --- [SBootEdu] [restartedMain] com.gka.SBootEduApplication              : Starting SBootEduApplication using Java 17.0.13 with PID 42272 (C:\Users\alkev\IdeaProjects\SBootEdu\target\classes started by alkev in C:\Users\alkev\IdeaProjects\SBootEdu)
2024-10-30T06:58:40.450+03:00  INFO 42272 --- [SBootEdu] [restartedMain] com.gka.SBootEduApplication              : No active profile set, falling back to 1 default profile: "default"
2024-10-30T06:58:40.483+03:00  INFO 42272 --- [SBootEdu] [restartedMain] .e.DevToolsPropertyDefaultsPostProcessor : Devtools property defaults active! Set 'spring.devtools.add-properties' to 'false' to disable
2024-10-30T06:58:40.483+03:00  INFO 42272 --- [SBootEdu] [restartedMain] .e.DevToolsPropertyDefaultsPostProcessor : For additional web related logging consider setting the 'logging.level.web' property to 'DEBUG'
2024-10-30T06:58:41.041+03:00  INFO 42272 --- [SBootEdu] [restartedMain] .s.d.r.c.RepositoryConfigurationDelegate : Bootstrapping Spring Data JPA repositories in DEFAULT mode.
2024-10-30T06:58:41.054+03:00  INFO 42272 --- [SBootEdu] [restartedMain] .s.d.r.c.RepositoryConfigurationDelegate : Finished Spring Data repository scanning in 8 ms. Found 0 JPA repository interfaces.
2024-10-30T06:58:41.563+03:00  INFO 42272 --- [SBootEdu] [restartedMain] o.s.b.w.embedded.tomcat.TomcatWebServer  : Tomcat initialized with port 8080 (http)
2024-10-30T06:58:41.572+03:00  INFO 42272 --- [SBootEdu] [restartedMain] o.apache.catalina.core.StandardService   : Starting service [Tomcat]
2024-10-30T06:58:41.572+03:00  INFO 42272 --- [SBootEdu] [restartedMain] o.apache.catalina.core.StandardEngine    : Starting Servlet engine: [Apache Tomcat/10.1.31]
2024-10-30T06:58:41.609+03:00  INFO 42272 --- [SBootEdu] [restartedMain] o.a.c.c.C.[Tomcat].[localhost].[/]       : Initializing Spring embedded WebApplicationContext
2024-10-30T06:58:41.609+03:00  INFO 42272 --- [SBootEdu] [restartedMain] w.s.c.ServletWebServerApplicationContext : Root WebApplicationContext: initialization completed in 1125 ms
2024-10-30T06:58:41.677+03:00  INFO 42272 --- [SBootEdu] [restartedMain] com.zaxxer.hikari.HikariDataSource       : HikariPool-1 - Starting...
2024-10-30T06:58:41.818+03:00  INFO 42272 --- [SBootEdu] [restartedMain] com.zaxxer.hikari.pool.HikariPool        : HikariPool-1 - Added connection conn0: url=jdbc:h2:file:./memory_persist/denemedb user=ROOT
2024-10-30T06:58:41.819+03:00  INFO 42272 --- [SBootEdu] [restartedMain] com.zaxxer.hikari.HikariDataSource       : HikariPool-1 - Start completed.
2024-10-30T06:58:41.826+03:00  INFO 42272 --- [SBootEdu] [restartedMain] o.s.b.a.h2.H2ConsoleAutoConfiguration    : H2 console available at '/h2-console'. Database available at 'jdbc:h2:file:./memory_persist/denemedb'
2024-10-30T06:58:41.932+03:00  INFO 42272 --- [SBootEdu] [restartedMain] o.hibernate.jpa.internal.util.LogHelper  : HHH000204: Processing PersistenceUnitInfo [name: default]
2024-10-30T06:58:41.965+03:00  INFO 42272 --- [SBootEdu] [restartedMain] org.hibernate.Version                    : HHH000412: Hibernate ORM core version 6.4.10.Final
2024-10-30T06:58:41.987+03:00  INFO 42272 --- [SBootEdu] [restartedMain] o.h.c.internal.RegionFactoryInitiator    : HHH000026: Second-level cache disabled
2024-10-30T06:58:42.142+03:00  INFO 42272 --- [SBootEdu] [restartedMain] o.s.o.j.p.SpringPersistenceUnitInfo      : No LoadTimeWeaver setup: ignoring JPA class transformer
2024-10-30T06:58:42.370+03:00  INFO 42272 --- [SBootEdu] [restartedMain] o.h.e.t.j.p.i.JtaPlatformInitiator       : HHH000489: No JTA platform available (set 'hibernate.transaction.jta.platform' to enable JTA platform integration)
2024-10-30T06:58:42.373+03:00  INFO 42272 --- [SBootEdu] [restartedMain] j.LocalContainerEntityManagerFactoryBean : Initialized JPA EntityManagerFactory for persistence unit 'default'
2024-10-30T06:58:42.452+03:00  WARN 42272 --- [SBootEdu] [restartedMain] JpaBaseConfiguration$JpaWebConfiguration : spring.jpa.open-in-view is enabled by default. Therefore, database queries may be performed during view rendering. Explicitly configure spring.jpa.open-in-view to disable this warning
2024-10-30T06:58:42.684+03:00  WARN 42272 --- [SBootEdu] [restartedMain] ion$DefaultTemplateResolverConfiguration : Cannot find template location: classpath:/templates/ (please add some templates, check your Thymeleaf configuration, or set spring.thymeleaf.check-template-location=false)
2024-10-30T06:58:42.966+03:00  INFO 42272 --- [SBootEdu] [restartedMain] o.s.b.d.a.OptionalLiveReloadServer       : LiveReload server is running on port 35729
2024-10-30T06:58:42.971+03:00  INFO 42272 --- [SBootEdu] [restartedMain] o.s.b.a.e.web.EndpointLinksResolver      : Exposing 1 endpoint(s) beneath base path '/actuator'
2024-10-30T06:58:43.028+03:00  INFO 42272 --- [SBootEdu] [restartedMain] o.s.b.w.embedded.tomcat.TomcatWebServer  : Tomcat started on port 8080 (http) with context path ''
2024-10-30T06:58:43.040+03:00  INFO 42272 --- [SBootEdu] [restartedMain] com.gka.SBootEduApplication              : Started SBootEduApplication in 2.892 seconds (process running for 3.303)
2024-10-30T06:58:43.405+03:00  INFO 42272 --- [SBootEdu] [RMI TCP Connection(3)-192.168.1.104] o.a.c.c.C.[Tomcat].[localhost].[/]       : Initializing Spring DispatcherServlet 'dispatcherServlet'
2024-10-30T06:58:43.405+03:00  INFO 42272 --- [SBootEdu] [RMI TCP Connection(3)-192.168.1.104] o.s.web.servlet.DispatcherServlet        : Initializing Servlet 'dispatcherServlet'
2024-10-30T06:58:43.407+03:00  INFO 42272 --- [SBootEdu] [RMI TCP Connection(3)-192.168.1.104] o.s.web.servlet.DispatcherServlet        : Completed initialization in 2 ms
2024-10-30T06:58:51.757+03:00  INFO 42272 --- [SBootEdu] [SpringApplicationShutdownHook] j.LocalContainerEntityManagerFactoryBean : Closing JPA EntityManagerFactory for persistence unit 'default'
2024-10-30T06:58:51.759+03:00  INFO 42272 --- [SBootEdu] [SpringApplicationShutdownHook] com.zaxxer.hikari.HikariDataSource       : HikariPool-1 - Shutdown initiated...
2024-10-30T06:58:51.761+03:00  INFO 42272 --- [SBootEdu] [SpringApplicationShutdownHook] com.zaxxer.hikari.HikariDataSource       : HikariPool-1 - Shutdown completed.
2024-10-30T06:58:53.429+03:00  INFO 36172 --- [SBootEdu] [restartedMain] com.gka.SBootEduApplication              : Starting SBootEduApplication using Java 17.0.13 with PID 36172 (C:\Users\alkev\IdeaProjects\SBootEdu\target\classes started by alkev in C:\Users\alkev\IdeaProjects\SBootEdu)
2024-10-30T06:58:53.431+03:00  INFO 36172 --- [SBootEdu] [restartedMain] com.gka.SBootEduApplication              : No active profile set, falling back to 1 default profile: "default"
2024-10-30T06:58:53.460+03:00  INFO 36172 --- [SBootEdu] [restartedMain] .e.DevToolsPropertyDefaultsPostProcessor : Devtools property defaults active! Set 'spring.devtools.add-properties' to 'false' to disable
2024-10-30T06:58:53.461+03:00  INFO 36172 --- [SBootEdu] [restartedMain] .e.DevToolsPropertyDefaultsPostProcessor : For additional web related logging consider setting the 'logging.level.web' property to 'DEBUG'
2024-10-30T06:58:54.032+03:00  INFO 36172 --- [SBootEdu] [restartedMain] .s.d.r.c.RepositoryConfigurationDelegate : Bootstrapping Spring Data JPA repositories in DEFAULT mode.
2024-10-30T06:58:54.045+03:00  INFO 36172 --- [SBootEdu] [restartedMain] .s.d.r.c.RepositoryConfigurationDelegate : Finished Spring Data repository scanning in 8 ms. Found 0 JPA repository interfaces.
2024-10-30T06:58:54.510+03:00  INFO 36172 --- [SBootEdu] [restartedMain] o.s.b.w.embedded.tomcat.TomcatWebServer  : Tomcat initialized with port 8080 (http)
2024-10-30T06:58:54.519+03:00  INFO 36172 --- [SBootEdu] [restartedMain] o.apache.catalina.core.StandardService   : Starting service [Tomcat]
2024-10-30T06:58:54.519+03:00  INFO 36172 --- [SBootEdu] [restartedMain] o.apache.catalina.core.StandardEngine    : Starting Servlet engine: [Apache Tomcat/10.1.31]
2024-10-30T06:58:54.552+03:00  INFO 36172 --- [SBootEdu] [restartedMain] o.a.c.c.C.[Tomcat].[localhost].[/]       : Initializing Spring embedded WebApplicationContext
2024-10-30T06:58:54.553+03:00  INFO 36172 --- [SBootEdu] [restartedMain] w.s.c.ServletWebServerApplicationContext : Root WebApplicationContext: initialization completed in 1091 ms
2024-10-30T06:58:54.628+03:00  INFO 36172 --- [SBootEdu] [restartedMain] com.zaxxer.hikari.HikariDataSource       : HikariPool-1 - Starting...
2024-10-30T06:58:54.779+03:00  INFO 36172 --- [SBootEdu] [restartedMain] com.zaxxer.hikari.pool.HikariPool        : HikariPool-1 - Added connection conn0: url=jdbc:h2:file:./memory_persist/denemedb user=ROOT
2024-10-30T06:58:54.780+03:00  INFO 36172 --- [SBootEdu] [restartedMain] com.zaxxer.hikari.HikariDataSource       : HikariPool-1 - Start completed.
2024-10-30T06:58:54.787+03:00  INFO 36172 --- [SBootEdu] [restartedMain] o.s.b.a.h2.H2ConsoleAutoConfiguration    : H2 console available at '/h2-console'. Database available at 'jdbc:h2:file:./memory_persist/denemedb'
2024-10-30T06:58:54.900+03:00  INFO 36172 --- [SBootEdu] [restartedMain] o.hibernate.jpa.internal.util.LogHelper  : HHH000204: Processing PersistenceUnitInfo [name: default]
2024-10-30T06:58:54.937+03:00  INFO 36172 --- [SBootEdu] [restartedMain] org.hibernate.Version                    : HHH000412: Hibernate ORM core version 6.4.10.Final
2024-10-30T06:58:54.959+03:00  INFO 36172 --- [SBootEdu] [restartedMain] o.h.c.internal.RegionFactoryInitiator    : HHH000026: Second-level cache disabled
2024-10-30T06:58:55.121+03:00  INFO 36172 --- [SBootEdu] [restartedMain] o.s.o.j.p.SpringPersistenceUnitInfo      : No LoadTimeWeaver setup: ignoring JPA class transformer
2024-10-30T06:58:55.371+03:00  INFO 36172 --- [SBootEdu] [restartedMain] o.h.e.t.j.p.i.JtaPlatformInitiator       : HHH000489: No JTA platform available (set 'hibernate.transaction.jta.platform' to enable JTA platform integration)
2024-10-30T06:58:55.376+03:00  INFO 36172 --- [SBootEdu] [restartedMain] j.LocalContainerEntityManagerFactoryBean : Initialized JPA EntityManagerFactory for persistence unit 'default'
2024-10-30T06:58:55.471+03:00  WARN 36172 --- [SBootEdu] [restartedMain] JpaBaseConfiguration$JpaWebConfiguration : spring.jpa.open-in-view is enabled by default. Therefore, database queries may be performed during view rendering. Explicitly configure spring.jpa.open-in-view to disable this warning
2024-10-30T06:58:55.746+03:00  WARN 36172 --- [SBootEdu] [restartedMain] ion$DefaultTemplateResolverConfiguration : Cannot find template location: classpath:/templates/ (please add some templates, check your Thymeleaf configuration, or set spring.thymeleaf.check-template-location=false)
2024-10-30T06:58:56.041+03:00  INFO 36172 --- [SBootEdu] [restartedMain] o.s.b.d.a.OptionalLiveReloadServer       : LiveReload server is running on port 35729
2024-10-30T06:58:56.048+03:00  INFO 36172 --- [SBootEdu] [restartedMain] o.s.b.a.e.web.EndpointLinksResolver      : Exposing 1 endpoint(s) beneath base path '/actuator'
2024-10-30T06:58:56.103+03:00  INFO 36172 --- [SBootEdu] [restartedMain] o.s.b.w.embedded.tomcat.TomcatWebServer  : Tomcat started on port 8080 (http) with context path ''
2024-10-30T06:58:56.115+03:00  INFO 36172 --- [SBootEdu] [restartedMain] com.gka.SBootEduApplication              : Started SBootEduApplication in 2.987 seconds (process running for 3.545)
2024-10-30T06:58:56.414+03:00  INFO 36172 --- [SBootEdu] [RMI TCP Connection(2)-192.168.1.104] o.a.c.c.C.[Tomcat].[localhost].[/]       : Initializing Spring DispatcherServlet 'dispatcherServlet'
2024-10-30T06:58:56.415+03:00  INFO 36172 --- [SBootEdu] [RMI TCP Connection(2)-192.168.1.104] o.s.web.servlet.DispatcherServlet        : Initializing Servlet 'dispatcherServlet'
2024-10-30T06:58:56.416+03:00  INFO 36172 --- [SBootEdu] [RMI TCP Connection(2)-192.168.1.104] o.s.web.servlet.DispatcherServlet        : Completed initialization in 1 ms
2024-10-30T07:04:29.917+03:00  INFO 36172 --- [SBootEdu] [File Watcher] rtingClassPathChangeChangedEventListener : Restarting due to 1 class path change (0 additions, 1 deletion, 0 modifications)
2024-10-30T07:04:30.060+03:00  INFO 36172 --- [SBootEdu] [Thread-6] j.LocalContainerEntityManagerFactoryBean : Closing JPA EntityManagerFactory for persistence unit 'default'
2024-10-30T07:04:30.063+03:00  INFO 36172 --- [SBootEdu] [Thread-6] com.zaxxer.hikari.HikariDataSource       : HikariPool-1 - Shutdown initiated...
2024-10-30T07:04:30.069+03:00  INFO 36172 --- [SBootEdu] [Thread-6] com.zaxxer.hikari.HikariDataSource       : HikariPool-1 - Shutdown completed.
2024-10-30T07:04:30.154+03:00  INFO 36172 --- [SBootEdu] [restartedMain] com.gka.SBootEduApplication              : Starting SBootEduApplication using Java 17.0.13 with PID 36172 (C:\Users\alkev\IdeaProjects\SBootEdu\target\classes started by alkev in C:\Users\alkev\IdeaProjects\SBootEdu)
2024-10-30T07:04:30.154+03:00  INFO 36172 --- [SBootEdu] [restartedMain] com.gka.SBootEduApplication              : No active profile set, falling back to 1 default profile: "default"
2024-10-30T07:04:30.375+03:00  INFO 36172 --- [SBootEdu] [restartedMain] .s.d.r.c.RepositoryConfigurationDelegate : Bootstrapping Spring Data JPA repositories in DEFAULT mode.
2024-10-30T07:04:30.379+03:00  INFO 36172 --- [SBootEdu] [restartedMain] .s.d.r.c.RepositoryConfigurationDelegate : Finished Spring Data repository scanning in 2 ms. Found 0 JPA repository interfaces.
2024-10-30T07:04:30.529+03:00  INFO 36172 --- [SBootEdu] [restartedMain] o.s.b.w.embedded.tomcat.TomcatWebServer  : Tomcat initialized with port 8080 (http)
2024-10-30T07:04:30.530+03:00  INFO 36172 --- [SBootEdu] [restartedMain] o.apache.catalina.core.StandardService   : Starting service [Tomcat]
2024-10-30T07:04:30.530+03:00  INFO 36172 --- [SBootEdu] [restartedMain] o.apache.catalina.core.StandardEngine    : Starting Servlet engine: [Apache Tomcat/10.1.31]
2024-10-30T07:04:30.546+03:00  INFO 36172 --- [SBootEdu] [restartedMain] o.a.c.c.C.[Tomcat].[localhost].[/]       : Initializing Spring embedded WebApplicationContext
2024-10-30T07:04:30.546+03:00  INFO 36172 --- [SBootEdu] [restartedMain] w.s.c.ServletWebServerApplicationContext : Root WebApplicationContext: initialization completed in 390 ms
2024-10-30T07:04:30.603+03:00  INFO 36172 --- [SBootEdu] [restartedMain] com.zaxxer.hikari.HikariDataSource       : HikariPool-2 - Starting...
2024-10-30T07:04:30.612+03:00  INFO 36172 --- [SBootEdu] [restartedMain] com.zaxxer.hikari.pool.HikariPool        : HikariPool-2 - Added connection conn10: url=jdbc:h2:file:./memory_persist/denemedb user=ROOT
2024-10-30T07:04:30.613+03:00  INFO 36172 --- [SBootEdu] [restartedMain] com.zaxxer.hikari.HikariDataSource       : HikariPool-2 - Start completed.
2024-10-30T07:04:30.613+03:00  INFO 36172 --- [SBootEdu] [restartedMain] o.s.b.a.h2.H2ConsoleAutoConfiguration    : H2 console available at '/h2-console'. Database available at 'jdbc:h2:file:./memory_persist/denemedb'
2024-10-30T07:04:30.667+03:00  INFO 36172 --- [SBootEdu] [restartedMain] o.hibernate.jpa.internal.util.LogHelper  : HHH000204: Processing PersistenceUnitInfo [name: default]
2024-10-30T07:04:30.668+03:00  INFO 36172 --- [SBootEdu] [restartedMain] o.h.c.internal.RegionFactoryInitiator    : HHH000026: Second-level cache disabled
2024-10-30T07:04:30.672+03:00  INFO 36172 --- [SBootEdu] [restartedMain] o.s.o.j.p.SpringPersistenceUnitInfo      : No LoadTimeWeaver setup: ignoring JPA class transformer
2024-10-30T07:04:30.683+03:00  INFO 36172 --- [SBootEdu] [restartedMain] o.h.e.t.j.p.i.JtaPlatformInitiator       : HHH000489: No JTA platform available (set 'hibernate.transaction.jta.platform' to enable JTA platform integration)
2024-10-30T07:04:30.684+03:00  INFO 36172 --- [SBootEdu] [restartedMain] j.LocalContainerEntityManagerFactoryBean : Initialized JPA EntityManagerFactory for persistence unit 'default'
2024-10-30T07:04:30.725+03:00  WARN 36172 --- [SBootEdu] [restartedMain] JpaBaseConfiguration$JpaWebConfiguration : spring.jpa.open-in-view is enabled by default. Therefore, database queries may be performed during view rendering. Explicitly configure spring.jpa.open-in-view to disable this warning
2024-10-30T07:04:30.907+03:00  WARN 36172 --- [SBootEdu] [restartedMain] ion$DefaultTemplateResolverConfiguration : Cannot find template location: classpath:/templates/ (please add some templates, check your Thymeleaf configuration, or set spring.thymeleaf.check-template-location=false)
2024-10-30T07:04:31.122+03:00  INFO 36172 --- [SBootEdu] [restartedMain] o.s.b.d.a.OptionalLiveReloadServer       : LiveReload server is running on port 35729
2024-10-30T07:04:31.126+03:00  INFO 36172 --- [SBootEdu] [restartedMain] o.s.b.a.e.web.EndpointLinksResolver      : Exposing 1 endpoint(s) beneath base path '/actuator'
2024-10-30T07:04:31.151+03:00  INFO 36172 --- [SBootEdu] [restartedMain] o.s.b.w.embedded.tomcat.TomcatWebServer  : Tomcat started on port 8080 (http) with context path ''
2024-10-30T07:04:31.159+03:00  INFO 36172 --- [SBootEdu] [restartedMain] com.gka.SBootEduApplication              : Started SBootEduApplication in 1.032 seconds (process running for 338.59)
2024-10-30T07:04:31.162+03:00  INFO 36172 --- [SBootEdu] [restartedMain] .ConditionEvaluationDeltaLoggingListener : Condition evaluation unchanged
2024-10-30T07:04:32.547+03:00  INFO 36172 --- [SBootEdu] [File Watcher] rtingClassPathChangeChangedEventListener : Restarting due to 1 class path change (1 addition, 0 deletions, 0 modifications)
2024-10-30T07:04:32.672+03:00  INFO 36172 --- [SBootEdu] [Thread-8] j.LocalContainerEntityManagerFactoryBean : Closing JPA EntityManagerFactory for persistence unit 'default'
2024-10-30T07:04:32.673+03:00  INFO 36172 --- [SBootEdu] [Thread-8] com.zaxxer.hikari.HikariDataSource       : HikariPool-2 - Shutdown initiated...
2024-10-30T07:04:32.676+03:00  INFO 36172 --- [SBootEdu] [Thread-8] com.zaxxer.hikari.HikariDataSource       : HikariPool-2 - Shutdown completed.
2024-10-30T07:04:32.734+03:00  INFO 36172 --- [SBootEdu] [restartedMain] com.gka.SBootEduApplication              : Starting SBootEduApplication using Java 17.0.13 with PID 36172 (C:\Users\alkev\IdeaProjects\SBootEdu\target\classes started by alkev in C:\Users\alkev\IdeaProjects\SBootEdu)
2024-10-30T07:04:32.734+03:00  INFO 36172 --- [SBootEdu] [restartedMain] com.gka.SBootEduApplication              : No active profile set, falling back to 1 default profile: "default"
2024-10-30T07:04:32.929+03:00  INFO 36172 --- [SBootEdu] [restartedMain] .s.d.r.c.RepositoryConfigurationDelegate : Bootstrapping Spring Data JPA repositories in DEFAULT mode.
2024-10-30T07:04:32.932+03:00  INFO 36172 --- [SBootEdu] [restartedMain] .s.d.r.c.RepositoryConfigurationDelegate : Finished Spring Data repository scanning in 1 ms. Found 0 JPA repository interfaces.
2024-10-30T07:04:33.062+03:00  INFO 36172 --- [SBootEdu] [restartedMain] o.s.b.w.embedded.tomcat.TomcatWebServer  : Tomcat initialized with port 8080 (http)
2024-10-30T07:04:33.063+03:00  INFO 36172 --- [SBootEdu] [restartedMain] o.apache.catalina.core.StandardService   : Starting service [Tomcat]
2024-10-30T07:04:33.063+03:00  INFO 36172 --- [SBootEdu] [restartedMain] o.apache.catalina.core.StandardEngine    : Starting Servlet engine: [Apache Tomcat/10.1.31]
2024-10-30T07:04:33.075+03:00  INFO 36172 --- [SBootEdu] [restartedMain] o.a.c.c.C.[Tomcat].[localhost].[/]       : Initializing Spring embedded WebApplicationContext
2024-10-30T07:04:33.075+03:00  INFO 36172 --- [SBootEdu] [restartedMain] w.s.c.ServletWebServerApplicationContext : Root WebApplicationContext: initialization completed in 339 ms
2024-10-30T07:04:33.121+03:00  INFO 36172 --- [SBootEdu] [restartedMain] com.zaxxer.hikari.HikariDataSource       : HikariPool-3 - Starting...
2024-10-30T07:04:33.127+03:00  INFO 36172 --- [SBootEdu] [restartedMain] com.zaxxer.hikari.pool.HikariPool        : HikariPool-3 - Added connection conn20: url=jdbc:h2:file:./memory_persist/denemedb user=ROOT
2024-10-30T07:04:33.127+03:00  INFO 36172 --- [SBootEdu] [restartedMain] com.zaxxer.hikari.HikariDataSource       : HikariPool-3 - Start completed.
2024-10-30T07:04:33.128+03:00  INFO 36172 --- [SBootEdu] [restartedMain] o.s.b.a.h2.H2ConsoleAutoConfiguration    : H2 console available at '/h2-console'. Database available at 'jdbc:h2:file:./memory_persist/denemedb'
2024-10-30T07:04:33.173+03:00  INFO 36172 --- [SBootEdu] [restartedMain] o.hibernate.jpa.internal.util.LogHelper  : HHH000204: Processing PersistenceUnitInfo [name: default]
2024-10-30T07:04:33.175+03:00  INFO 36172 --- [SBootEdu] [restartedMain] o.h.c.internal.RegionFactoryInitiator    : HHH000026: Second-level cache disabled
2024-10-30T07:04:33.178+03:00  INFO 36172 --- [SBootEdu] [restartedMain] o.s.o.j.p.SpringPersistenceUnitInfo      : No LoadTimeWeaver setup: ignoring JPA class transformer
2024-10-30T07:04:33.188+03:00  INFO 36172 --- [SBootEdu] [restartedMain] o.h.e.t.j.p.i.JtaPlatformInitiator       : HHH000489: No JTA platform available (set 'hibernate.transaction.jta.platform' to enable JTA platform integration)
2024-10-30T07:04:33.188+03:00  INFO 36172 --- [SBootEdu] [restartedMain] j.LocalContainerEntityManagerFactoryBean : Initialized JPA EntityManagerFactory for persistence unit 'default'
2024-10-30T07:04:33.233+03:00  WARN 36172 --- [SBootEdu] [restartedMain] JpaBaseConfiguration$JpaWebConfiguration : spring.jpa.open-in-view is enabled by default. Therefore, database queries may be performed during view rendering. Explicitly configure spring.jpa.open-in-view to disable this warning
2024-10-30T07:04:33.379+03:00  WARN 36172 --- [SBootEdu] [restartedMain] ion$DefaultTemplateResolverConfiguration : Cannot find template location: classpath:/templates/ (please add some templates, check your Thymeleaf configuration, or set spring.thymeleaf.check-template-location=false)
2024-10-30T07:04:33.687+03:00  INFO 36172 --- [SBootEdu] [restartedMain] o.s.b.d.a.OptionalLiveReloadServer       : LiveReload server is running on port 35729
2024-10-30T07:04:33.692+03:00  INFO 36172 --- [SBootEdu] [restartedMain] o.s.b.a.e.web.EndpointLinksResolver      : Exposing 1 endpoint(s) beneath base path '/actuator'
2024-10-30T07:04:33.722+03:00  INFO 36172 --- [SBootEdu] [restartedMain] o.s.b.w.embedded.tomcat.TomcatWebServer  : Tomcat started on port 8080 (http) with context path ''
2024-10-30T07:04:33.731+03:00  INFO 36172 --- [SBootEdu] [restartedMain] com.gka.SBootEduApplication              : Started SBootEduApplication in 1.015 seconds (process running for 341.162)
2024-10-30T07:04:33.733+03:00  INFO 36172 --- [SBootEdu] [restartedMain] .ConditionEvaluationDeltaLoggingListener : Condition evaluation unchanged
2024-10-30T07:07:53.175+03:00  INFO 36172 --- [SBootEdu] [SpringApplicationShutdownHook] j.LocalContainerEntityManagerFactoryBean : Closing JPA EntityManagerFactory for persistence unit 'default'
2024-10-30T07:07:53.175+03:00  INFO 36172 --- [SBootEdu] [SpringApplicationShutdownHook] com.zaxxer.hikari.HikariDataSource       : HikariPool-3 - Shutdown initiated...
2024-10-30T07:07:53.176+03:00  INFO 36172 --- [SBootEdu] [SpringApplicationShutdownHook] com.zaxxer.hikari.HikariDataSource       : HikariPool-3 - Shutdown completed.
2024-10-30T07:15:09.575+03:00  INFO 33140 --- [SBootEdu] [restartedMain] com.gka.SBootEduApplication              : Starting SBootEduApplication using Java 17.0.13 with PID 33140 (C:\Users\alkev\IdeaProjects\SBootEdu\target\classes started by alkev in C:\Users\alkev\IdeaProjects\SBootEdu)
2024-10-30T07:15:09.576+03:00  INFO 33140 --- [SBootEdu] [restartedMain] com.gka.SBootEduApplication              : No active profile set, falling back to 1 default profile: "default"
2024-10-30T07:15:09.605+03:00  INFO 33140 --- [SBootEdu] [restartedMain] .e.DevToolsPropertyDefaultsPostProcessor : Devtools property defaults active! Set 'spring.devtools.add-properties' to 'false' to disable
2024-10-30T07:15:09.606+03:00  INFO 33140 --- [SBootEdu] [restartedMain] .e.DevToolsPropertyDefaultsPostProcessor : For additional web related logging consider setting the 'logging.level.web' property to 'DEBUG'
2024-10-30T07:15:10.186+03:00  INFO 33140 --- [SBootEdu] [restartedMain] .s.d.r.c.RepositoryConfigurationDelegate : Bootstrapping Spring Data JPA repositories in DEFAULT mode.
2024-10-30T07:15:10.203+03:00  INFO 33140 --- [SBootEdu] [restartedMain] .s.d.r.c.RepositoryConfigurationDelegate : Finished Spring Data repository scanning in 11 ms. Found 0 JPA repository interfaces.
2024-10-30T07:15:10.709+03:00  INFO 33140 --- [SBootEdu] [restartedMain] o.s.b.w.embedded.tomcat.TomcatWebServer  : Tomcat initialized with port 8080 (http)
2024-10-30T07:15:10.719+03:00  INFO 33140 --- [SBootEdu] [restartedMain] o.apache.catalina.core.StandardService   : Starting service [Tomcat]
2024-10-30T07:15:10.719+03:00  INFO 33140 --- [SBootEdu] [restartedMain] o.apache.catalina.core.StandardEngine    : Starting Servlet engine: [Apache Tomcat/10.1.31]
2024-10-30T07:15:10.758+03:00  INFO 33140 --- [SBootEdu] [restartedMain] o.a.c.c.C.[Tomcat].[localhost].[/]       : Initializing Spring embedded WebApplicationContext
2024-10-30T07:15:10.758+03:00  INFO 33140 --- [SBootEdu] [restartedMain] w.s.c.ServletWebServerApplicationContext : Root WebApplicationContext: initialization completed in 1152 ms
2024-10-30T07:15:10.831+03:00  INFO 33140 --- [SBootEdu] [restartedMain] com.zaxxer.hikari.HikariDataSource       : HikariPool-1 - Starting...
2024-10-30T07:15:10.983+03:00  INFO 33140 --- [SBootEdu] [restartedMain] com.zaxxer.hikari.pool.HikariPool        : HikariPool-1 - Added connection conn0: url=jdbc:h2:file:./memory_persist/denemedb user=ROOT
2024-10-30T07:15:10.984+03:00  INFO 33140 --- [SBootEdu] [restartedMain] com.zaxxer.hikari.HikariDataSource       : HikariPool-1 - Start completed.
2024-10-30T07:15:10.992+03:00  INFO 33140 --- [SBootEdu] [restartedMain] o.s.b.a.h2.H2ConsoleAutoConfiguration    : H2 console available at '/h2-console'. Database available at 'jdbc:h2:file:./memory_persist/denemedb'
2024-10-30T07:15:11.107+03:00  INFO 33140 --- [SBootEdu] [restartedMain] o.hibernate.jpa.internal.util.LogHelper  : HHH000204: Processing PersistenceUnitInfo [name: default]
2024-10-30T07:15:11.141+03:00  INFO 33140 --- [SBootEdu] [restartedMain] org.hibernate.Version                    : HHH000412: Hibernate ORM core version 6.4.10.Final
2024-10-30T07:15:11.162+03:00  INFO 33140 --- [SBootEdu] [restartedMain] o.h.c.internal.RegionFactoryInitiator    : HHH000026: Second-level cache disabled
2024-10-30T07:15:11.306+03:00  INFO 33140 --- [SBootEdu] [restartedMain] o.s.o.j.p.SpringPersistenceUnitInfo      : No LoadTimeWeaver setup: ignoring JPA class transformer
2024-10-30T07:15:11.528+03:00  INFO 33140 --- [SBootEdu] [restartedMain] o.h.e.t.j.p.i.JtaPlatformInitiator       : HHH000489: No JTA platform available (set 'hibernate.transaction.jta.platform' to enable JTA platform integration)
2024-10-30T07:15:11.533+03:00  INFO 33140 --- [SBootEdu] [restartedMain] j.LocalContainerEntityManagerFactoryBean : Initialized JPA EntityManagerFactory for persistence unit 'default'
2024-10-30T07:15:11.614+03:00  WARN 33140 --- [SBootEdu] [restartedMain] JpaBaseConfiguration$JpaWebConfiguration : spring.jpa.open-in-view is enabled by default. Therefore, database queries may be performed during view rendering. Explicitly configure spring.jpa.open-in-view to disable this warning
2024-10-30T07:15:11.849+03:00  WARN 33140 --- [SBootEdu] [restartedMain] ion$DefaultTemplateResolverConfiguration : Cannot find template location: classpath:/templates/ (please add some templates, check your Thymeleaf configuration, or set spring.thymeleaf.check-template-location=false)
2024-10-30T07:15:12.148+03:00  INFO 33140 --- [SBootEdu] [restartedMain] o.s.b.d.a.OptionalLiveReloadServer       : LiveReload server is running on port 35729
2024-10-30T07:15:12.154+03:00  INFO 33140 --- [SBootEdu] [restartedMain] o.s.b.a.e.web.EndpointLinksResolver      : Exposing 1 endpoint(s) beneath base path '/actuator'
2024-10-30T07:15:12.209+03:00  INFO 33140 --- [SBootEdu] [restartedMain] o.s.b.w.embedded.tomcat.TomcatWebServer  : Tomcat started on port 8080 (http) with context path ''
2024-10-30T07:15:12.220+03:00  INFO 33140 --- [SBootEdu] [restartedMain] com.gka.SBootEduApplication              : Started SBootEduApplication in 2.925 seconds (process running for 3.393)
2024-10-30T07:15:12.733+03:00  INFO 33140 --- [SBootEdu] [RMI TCP Connection(3)-192.168.1.104] o.a.c.c.C.[Tomcat].[localhost].[/]       : Initializing Spring DispatcherServlet 'dispatcherServlet'
2024-10-30T07:15:12.733+03:00  INFO 33140 --- [SBootEdu] [RMI TCP Connection(3)-192.168.1.104] o.s.web.servlet.DispatcherServlet        : Initializing Servlet 'dispatcherServlet'
2024-10-30T07:15:12.734+03:00  INFO 33140 --- [SBootEdu] [RMI TCP Connection(3)-192.168.1.104] o.s.web.servlet.DispatcherServlet        : Completed initialization in 1 ms
2024-10-30T07:16:42.886+03:00  INFO 33140 --- [SBootEdu] [File Watcher] rtingClassPathChangeChangedEventListener : Restarting due to 1 class path change (0 additions, 0 deletions, 1 modification)
2024-10-30T07:16:43.024+03:00  INFO 33140 --- [SBootEdu] [Thread-6] j.LocalContainerEntityManagerFactoryBean : Closing JPA EntityManagerFactory for persistence unit 'default'
2024-10-30T07:16:43.027+03:00  INFO 33140 --- [SBootEdu] [Thread-6] com.zaxxer.hikari.HikariDataSource       : HikariPool-1 - Shutdown initiated...
2024-10-30T07:16:43.031+03:00  INFO 33140 --- [SBootEdu] [Thread-6] com.zaxxer.hikari.HikariDataSource       : HikariPool-1 - Shutdown completed.
2024-10-30T07:16:43.074+03:00  INFO 33140 --- [SBootEdu] [restartedMain] com.gka.SBootEduApplication              : Starting SBootEduApplication using Java 17.0.13 with PID 33140 (C:\Users\alkev\IdeaProjects\SBootEdu\target\classes started by alkev in C:\Users\alkev\IdeaProjects\SBootEdu)
2024-10-30T07:16:43.074+03:00  INFO 33140 --- [SBootEdu] [restartedMain] com.gka.SBootEduApplication              : No active profile set, falling back to 1 default profile: "default"
2024-10-30T07:16:43.263+03:00  INFO 33140 --- [SBootEdu] [restartedMain] .s.d.r.c.RepositoryConfigurationDelegate : Bootstrapping Spring Data JPA repositories in DEFAULT mode.
2024-10-30T07:16:43.265+03:00  INFO 33140 --- [SBootEdu] [restartedMain] .s.d.r.c.RepositoryConfigurationDelegate : Finished Spring Data repository scanning in 1 ms. Found 0 JPA repository interfaces.
2024-10-30T07:16:43.353+03:00  INFO 33140 --- [SBootEdu] [restartedMain] o.s.b.w.embedded.tomcat.TomcatWebServer  : Tomcat initialized with port 8080 (http)
2024-10-30T07:16:43.353+03:00  INFO 33140 --- [SBootEdu] [restartedMain] o.apache.catalina.core.StandardService   : Starting service [Tomcat]
2024-10-30T07:16:43.353+03:00  INFO 33140 --- [SBootEdu] [restartedMain] o.apache.catalina.core.StandardEngine    : Starting Servlet engine: [Apache Tomcat/10.1.31]
2024-10-30T07:16:43.364+03:00  INFO 33140 --- [SBootEdu] [restartedMain] o.a.c.c.C.[Tomcat].[localhost].[/]       : Initializing Spring embedded WebApplicationContext
2024-10-30T07:16:43.364+03:00  INFO 33140 --- [SBootEdu] [restartedMain] w.s.c.ServletWebServerApplicationContext : Root WebApplicationContext: initialization completed in 288 ms
2024-10-30T07:16:43.409+03:00  INFO 33140 --- [SBootEdu] [restartedMain] com.zaxxer.hikari.HikariDataSource       : HikariPool-2 - Starting...
2024-10-30T07:16:43.416+03:00  INFO 33140 --- [SBootEdu] [restartedMain] com.zaxxer.hikari.pool.HikariPool        : HikariPool-2 - Added connection conn10: url=jdbc:h2:file:./memory_persist/denemedb user=ROOT
2024-10-30T07:16:43.416+03:00  INFO 33140 --- [SBootEdu] [restartedMain] com.zaxxer.hikari.HikariDataSource       : HikariPool-2 - Start completed.
2024-10-30T07:16:43.417+03:00  INFO 33140 --- [SBootEdu] [restartedMain] o.s.b.a.h2.H2ConsoleAutoConfiguration    : H2 console available at '/h2-console'. Database available at 'jdbc:h2:file:./memory_persist/denemedb'
2024-10-30T07:16:43.485+03:00  INFO 33140 --- [SBootEdu] [restartedMain] o.hibernate.jpa.internal.util.LogHelper  : HHH000204: Processing PersistenceUnitInfo [name: default]
2024-10-30T07:16:43.488+03:00  INFO 33140 --- [SBootEdu] [restartedMain] o.h.c.internal.RegionFactoryInitiator    : HHH000026: Second-level cache disabled
2024-10-30T07:16:43.493+03:00  INFO 33140 --- [SBootEdu] [restartedMain] o.s.o.j.p.SpringPersistenceUnitInfo      : No LoadTimeWeaver setup: ignoring JPA class transformer
2024-10-30T07:16:43.506+03:00  INFO 33140 --- [SBootEdu] [restartedMain] o.h.e.t.j.p.i.JtaPlatformInitiator       : HHH000489: No JTA platform available (set 'hibernate.transaction.jta.platform' to enable JTA platform integration)
2024-10-30T07:16:43.506+03:00  INFO 33140 --- [SBootEdu] [restartedMain] j.LocalContainerEntityManagerFactoryBean : Initialized JPA EntityManagerFactory for persistence unit 'default'
2024-10-30T07:16:43.556+03:00  WARN 33140 --- [SBootEdu] [restartedMain] JpaBaseConfiguration$JpaWebConfiguration : spring.jpa.open-in-view is enabled by default. Therefore, database queries may be performed during view rendering. Explicitly configure spring.jpa.open-in-view to disable this warning
2024-10-30T07:16:43.703+03:00  WARN 33140 --- [SBootEdu] [restartedMain] ion$DefaultTemplateResolverConfiguration : Cannot find template location: classpath:/templates/ (please add some templates, check your Thymeleaf configuration, or set spring.thymeleaf.check-template-location=false)
2024-10-30T07:16:43.873+03:00  INFO 33140 --- [SBootEdu] [restartedMain] o.s.b.d.a.OptionalLiveReloadServer       : LiveReload server is running on port 35729
2024-10-30T07:16:43.876+03:00  INFO 33140 --- [SBootEdu] [restartedMain] o.s.b.a.e.web.EndpointLinksResolver      : Exposing 1 endpoint(s) beneath base path '/actuator'
2024-10-30T07:16:43.897+03:00  INFO 33140 --- [SBootEdu] [restartedMain] o.s.b.w.embedded.tomcat.TomcatWebServer  : Tomcat started on port 8080 (http) with context path ''
2024-10-30T07:16:43.904+03:00  INFO 33140 --- [SBootEdu] [restartedMain] com.gka.SBootEduApplication              : Started SBootEduApplication in 0.845 seconds (process running for 95.077)
2024-10-30T07:16:43.906+03:00  INFO 33140 --- [SBootEdu] [restartedMain] .ConditionEvaluationDeltaLoggingListener : Condition evaluation unchanged
2024-10-30T07:17:20.615+03:00  INFO 33140 --- [SBootEdu] [File Watcher] rtingClassPathChangeChangedEventListener : Restarting due to 1 class path change (0 additions, 1 deletion, 0 modifications)
2024-10-30T07:17:20.746+03:00  INFO 33140 --- [SBootEdu] [Thread-8] j.LocalContainerEntityManagerFactoryBean : Closing JPA EntityManagerFactory for persistence unit 'default'
2024-10-30T07:17:20.748+03:00  INFO 33140 --- [SBootEdu] [Thread-8] com.zaxxer.hikari.HikariDataSource       : HikariPool-2 - Shutdown initiated...
2024-10-30T07:17:20.751+03:00  INFO 33140 --- [SBootEdu] [Thread-8] com.zaxxer.hikari.HikariDataSource       : HikariPool-2 - Shutdown completed.
2024-10-30T07:17:20.803+03:00  INFO 33140 --- [SBootEdu] [restartedMain] com.gka.SBootEduApplication              : Starting SBootEduApplication using Java 17.0.13 with PID 33140 (C:\Users\alkev\IdeaProjects\SBootEdu\target\classes started by alkev in C:\Users\alkev\IdeaProjects\SBootEdu)
2024-10-30T07:17:20.803+03:00  INFO 33140 --- [SBootEdu] [restartedMain] com.gka.SBootEduApplication              : No active profile set, falling back to 1 default profile: "default"
2024-10-30T07:17:20.988+03:00  INFO 33140 --- [SBootEdu] [restartedMain] .s.d.r.c.RepositoryConfigurationDelegate : Bootstrapping Spring Data JPA repositories in DEFAULT mode.
2024-10-30T07:17:20.989+03:00  INFO 33140 --- [SBootEdu] [restartedMain] .s.d.r.c.RepositoryConfigurationDelegate : Finished Spring Data repository scanning in 1 ms. Found 0 JPA repository interfaces.
2024-10-30T07:17:21.081+03:00  INFO 33140 --- [SBootEdu] [restartedMain] o.s.b.w.embedded.tomcat.TomcatWebServer  : Tomcat initialized with port 8080 (http)
2024-10-30T07:17:21.081+03:00  INFO 33140 --- [SBootEdu] [restartedMain] o.apache.catalina.core.StandardService   : Starting service [Tomcat]
2024-10-30T07:17:21.081+03:00  INFO 33140 --- [SBootEdu] [restartedMain] o.apache.catalina.core.StandardEngine    : Starting Servlet engine: [Apache Tomcat/10.1.31]
2024-10-30T07:17:21.094+03:00  INFO 33140 --- [SBootEdu] [restartedMain] o.a.c.c.C.[Tomcat].[localhost].[/]       : Initializing Spring embedded WebApplicationContext
2024-10-30T07:17:21.094+03:00  INFO 33140 --- [SBootEdu] [restartedMain] w.s.c.ServletWebServerApplicationContext : Root WebApplicationContext: initialization completed in 290 ms
2024-10-30T07:17:21.132+03:00  INFO 33140 --- [SBootEdu] [restartedMain] com.zaxxer.hikari.HikariDataSource       : HikariPool-3 - Starting...
2024-10-30T07:17:21.140+03:00  INFO 33140 --- [SBootEdu] [restartedMain] com.zaxxer.hikari.pool.HikariPool        : HikariPool-3 - Added connection conn20: url=jdbc:h2:file:./memory_persist/denemedb user=ROOT
2024-10-30T07:17:21.140+03:00  INFO 33140 --- [SBootEdu] [restartedMain] com.zaxxer.hikari.HikariDataSource       : HikariPool-3 - Start completed.
2024-10-30T07:17:21.140+03:00  INFO 33140 --- [SBootEdu] [restartedMain] o.s.b.a.h2.H2ConsoleAutoConfiguration    : H2 console available at '/h2-console'. Database available at 'jdbc:h2:file:./memory_persist/denemedb'
2024-10-30T07:17:21.184+03:00  INFO 33140 --- [SBootEdu] [restartedMain] o.hibernate.jpa.internal.util.LogHelper  : HHH000204: Processing PersistenceUnitInfo [name: default]
2024-10-30T07:17:21.186+03:00  INFO 33140 --- [SBootEdu] [restartedMain] o.h.c.internal.RegionFactoryInitiator    : HHH000026: Second-level cache disabled
2024-10-30T07:17:21.189+03:00  INFO 33140 --- [SBootEdu] [restartedMain] o.s.o.j.p.SpringPersistenceUnitInfo      : No LoadTimeWeaver setup: ignoring JPA class transformer
2024-10-30T07:17:21.199+03:00  INFO 33140 --- [SBootEdu] [restartedMain] o.h.e.t.j.p.i.JtaPlatformInitiator       : HHH000489: No JTA platform available (set 'hibernate.transaction.jta.platform' to enable JTA platform integration)
2024-10-30T07:17:21.199+03:00  INFO 33140 --- [SBootEdu] [restartedMain] j.LocalContainerEntityManagerFactoryBean : Initialized JPA EntityManagerFactory for persistence unit 'default'
2024-10-30T07:17:21.241+03:00  WARN 33140 --- [SBootEdu] [restartedMain] JpaBaseConfiguration$JpaWebConfiguration : spring.jpa.open-in-view is enabled by default. Therefore, database queries may be performed during view rendering. Explicitly configure spring.jpa.open-in-view to disable this warning
2024-10-30T07:17:21.374+03:00  WARN 33140 --- [SBootEdu] [restartedMain] ion$DefaultTemplateResolverConfiguration : Cannot find template location: classpath:/templates/ (please add some templates, check your Thymeleaf configuration, or set spring.thymeleaf.check-template-location=false)
2024-10-30T07:17:21.559+03:00  INFO 33140 --- [SBootEdu] [restartedMain] o.s.b.d.a.OptionalLiveReloadServer       : LiveReload server is running on port 35729
2024-10-30T07:17:21.561+03:00  INFO 33140 --- [SBootEdu] [restartedMain] o.s.b.a.e.web.EndpointLinksResolver      : Exposing 1 endpoint(s) beneath base path '/actuator'
2024-10-30T07:17:21.584+03:00  INFO 33140 --- [SBootEdu] [restartedMain] o.s.b.w.embedded.tomcat.TomcatWebServer  : Tomcat started on port 8080 (http) with context path ''
2024-10-30T07:17:21.590+03:00  INFO 33140 --- [SBootEdu] [restartedMain] com.gka.SBootEduApplication              : Started SBootEduApplication in 0.804 seconds (process running for 132.763)
2024-10-30T07:17:21.592+03:00  INFO 33140 --- [SBootEdu] [restartedMain] .ConditionEvaluationDeltaLoggingListener : Condition evaluation unchanged
2024-10-30T07:17:22.973+03:00  INFO 33140 --- [SBootEdu] [File Watcher] rtingClassPathChangeChangedEventListener : Restarting due to 1 class path change (1 addition, 0 deletions, 0 modifications)
2024-10-30T07:17:23.084+03:00  INFO 33140 --- [SBootEdu] [Thread-12] j.LocalContainerEntityManagerFactoryBean : Closing JPA EntityManagerFactory for persistence unit 'default'
2024-10-30T07:17:23.085+03:00  INFO 33140 --- [SBootEdu] [Thread-12] com.zaxxer.hikari.HikariDataSource       : HikariPool-3 - Shutdown initiated...
2024-10-30T07:17:23.096+03:00  INFO 33140 --- [SBootEdu] [Thread-12] com.zaxxer.hikari.HikariDataSource       : HikariPool-3 - Shutdown completed.
2024-10-30T07:17:23.138+03:00  INFO 33140 --- [SBootEdu] [restartedMain] com.gka.SBootEduApplication              : Starting SBootEduApplication using Java 17.0.13 with PID 33140 (C:\Users\alkev\IdeaProjects\SBootEdu\target\classes started by alkev in C:\Users\alkev\IdeaProjects\SBootEdu)
2024-10-30T07:17:23.138+03:00  INFO 33140 --- [SBootEdu] [restartedMain] com.gka.SBootEduApplication              : No active profile set, falling back to 1 default profile: "default"
2024-10-30T07:17:23.304+03:00  INFO 33140 --- [SBootEdu] [restartedMain] .s.d.r.c.RepositoryConfigurationDelegate : Bootstrapping Spring Data JPA repositories in DEFAULT mode.
2024-10-30T07:17:23.305+03:00  INFO 33140 --- [SBootEdu] [restartedMain] .s.d.r.c.RepositoryConfigurationDelegate : Finished Spring Data repository scanning in 1 ms. Found 0 JPA repository interfaces.
2024-10-30T07:17:23.386+03:00  INFO 33140 --- [SBootEdu] [restartedMain] o.s.b.w.embedded.tomcat.TomcatWebServer  : Tomcat initialized with port 8080 (http)
2024-10-30T07:17:23.386+03:00  INFO 33140 --- [SBootEdu] [restartedMain] o.apache.catalina.core.StandardService   : Starting service [Tomcat]
2024-10-30T07:17:23.386+03:00  INFO 33140 --- [SBootEdu] [restartedMain] o.apache.catalina.core.StandardEngine    : Starting Servlet engine: [Apache Tomcat/10.1.31]
2024-10-30T07:17:23.397+03:00  INFO 33140 --- [SBootEdu] [restartedMain] o.a.c.c.C.[Tomcat].[localhost].[/]       : Initializing Spring embedded WebApplicationContext
2024-10-30T07:17:23.397+03:00  INFO 33140 --- [SBootEdu] [restartedMain] w.s.c.ServletWebServerApplicationContext : Root WebApplicationContext: initialization completed in 258 ms
2024-10-30T07:17:23.432+03:00  INFO 33140 --- [SBootEdu] [restartedMain] com.zaxxer.hikari.HikariDataSource       : HikariPool-4 - Starting...
2024-10-30T07:17:23.437+03:00  INFO 33140 --- [SBootEdu] [restartedMain] com.zaxxer.hikari.pool.HikariPool        : HikariPool-4 - Added connection conn30: url=jdbc:h2:file:./memory_persist/denemedb user=ROOT
2024-10-30T07:17:23.438+03:00  INFO 33140 --- [SBootEdu] [restartedMain] com.zaxxer.hikari.HikariDataSource       : HikariPool-4 - Start completed.
2024-10-30T07:17:23.438+03:00  INFO 33140 --- [SBootEdu] [restartedMain] o.s.b.a.h2.H2ConsoleAutoConfiguration    : H2 console available at '/h2-console'. Database available at 'jdbc:h2:file:./memory_persist/denemedb'
2024-10-30T07:17:23.471+03:00  INFO 33140 --- [SBootEdu] [restartedMain] o.hibernate.jpa.internal.util.LogHelper  : HHH000204: Processing PersistenceUnitInfo [name: default]
2024-10-30T07:17:23.473+03:00  INFO 33140 --- [SBootEdu] [restartedMain] o.h.c.internal.RegionFactoryInitiator    : HHH000026: Second-level cache disabled
2024-10-30T07:17:23.476+03:00  INFO 33140 --- [SBootEdu] [restartedMain] o.s.o.j.p.SpringPersistenceUnitInfo      : No LoadTimeWeaver setup: ignoring JPA class transformer
2024-10-30T07:17:23.485+03:00  INFO 33140 --- [SBootEdu] [restartedMain] o.h.e.t.j.p.i.JtaPlatformInitiator       : HHH000489: No JTA platform available (set 'hibernate.transaction.jta.platform' to enable JTA platform integration)
2024-10-30T07:17:23.485+03:00  INFO 33140 --- [SBootEdu] [restartedMain] j.LocalContainerEntityManagerFactoryBean : Initialized JPA EntityManagerFactory for persistence unit 'default'
2024-10-30T07:17:23.515+03:00  WARN 33140 --- [SBootEdu] [restartedMain] JpaBaseConfiguration$JpaWebConfiguration : spring.jpa.open-in-view is enabled by default. Therefore, database queries may be performed during view rendering. Explicitly configure spring.jpa.open-in-view to disable this warning
2024-10-30T07:17:23.626+03:00  WARN 33140 --- [SBootEdu] [restartedMain] ion$DefaultTemplateResolverConfiguration : Cannot find template location: classpath:/templates/ (please add some templates, check your Thymeleaf configuration, or set spring.thymeleaf.check-template-location=false)
2024-10-30T07:17:23.783+03:00  INFO 33140 --- [SBootEdu] [restartedMain] o.s.b.d.a.OptionalLiveReloadServer       : LiveReload server is running on port 35729
2024-10-30T07:17:23.786+03:00  INFO 33140 --- [SBootEdu] [restartedMain] o.s.b.a.e.web.EndpointLinksResolver      : Exposing 1 endpoint(s) beneath base path '/actuator'
2024-10-30T07:17:23.809+03:00  INFO 33140 --- [SBootEdu] [restartedMain] o.s.b.w.embedded.tomcat.TomcatWebServer  : Tomcat started on port 8080 (http) with context path ''
2024-10-30T07:17:23.816+03:00  INFO 33140 --- [SBootEdu] [restartedMain] com.gka.SBootEduApplication              : Started SBootEduApplication in 0.693 seconds (process running for 134.989)
2024-10-30T07:17:23.818+03:00  INFO 33140 --- [SBootEdu] [restartedMain] .ConditionEvaluationDeltaLoggingListener : Condition evaluation unchanged
2024-10-30T09:16:26.917+03:00  INFO 33140 --- [SBootEdu] [SpringApplicationShutdownHook] j.LocalContainerEntityManagerFactoryBean : Closing JPA EntityManagerFactory for persistence unit 'default'
2024-10-30T09:16:26.918+03:00  INFO 33140 --- [SBootEdu] [SpringApplicationShutdownHook] com.zaxxer.hikari.HikariDataSource       : HikariPool-4 - Shutdown initiated...
2024-10-30T09:16:26.918+03:00  INFO 33140 --- [SBootEdu] [SpringApplicationShutdownHook] com.zaxxer.hikari.HikariDataSource       : HikariPool-4 - Shutdown completed.
2024-10-30T09:26:17.554+03:00  INFO 44560 --- [SBootEdu] [restartedMain] com.gka.SBootEduApplication              : Starting SBootEduApplication using Java 17.0.13 with PID 44560 (C:\Users\alkev\IdeaProjects\SBootEdu\target\classes started by alkev in C:\Users\alkev\IdeaProjects\SBootEdu)
2024-10-30T09:26:17.555+03:00  INFO 44560 --- [SBootEdu] [restartedMain] com.gka.SBootEduApplication              : No active profile set, falling back to 1 default profile: "default"
2024-10-30T09:26:17.585+03:00  INFO 44560 --- [SBootEdu] [restartedMain] .e.DevToolsPropertyDefaultsPostProcessor : Devtools property defaults active! Set 'spring.devtools.add-properties' to 'false' to disable
2024-10-30T09:26:17.586+03:00  INFO 44560 --- [SBootEdu] [restartedMain] .e.DevToolsPropertyDefaultsPostProcessor : For additional web related logging consider setting the 'logging.level.web' property to 'DEBUG'
2024-10-30T09:26:18.254+03:00  INFO 44560 --- [SBootEdu] [restartedMain] .s.d.r.c.RepositoryConfigurationDelegate : Bootstrapping Spring Data JPA repositories in DEFAULT mode.
2024-10-30T09:26:18.271+03:00  INFO 44560 --- [SBootEdu] [restartedMain] .s.d.r.c.RepositoryConfigurationDelegate : Finished Spring Data repository scanning in 9 ms. Found 0 JPA repository interfaces.
2024-10-30T09:26:18.795+03:00  INFO 44560 --- [SBootEdu] [restartedMain] o.s.b.w.embedded.tomcat.TomcatWebServer  : Tomcat initialized with port 8080 (http)
2024-10-30T09:26:18.805+03:00  INFO 44560 --- [SBootEdu] [restartedMain] o.apache.catalina.core.StandardService   : Starting service [Tomcat]
2024-10-30T09:26:18.805+03:00  INFO 44560 --- [SBootEdu] [restartedMain] o.apache.catalina.core.StandardEngine    : Starting Servlet engine: [Apache Tomcat/10.1.31]
2024-10-30T09:26:18.841+03:00  INFO 44560 --- [SBootEdu] [restartedMain] o.a.c.c.C.[Tomcat].[localhost].[/]       : Initializing Spring embedded WebApplicationContext
2024-10-30T09:26:18.841+03:00  INFO 44560 --- [SBootEdu] [restartedMain] w.s.c.ServletWebServerApplicationContext : Root WebApplicationContext: initialization completed in 1255 ms
2024-10-30T09:26:18.934+03:00  INFO 44560 --- [SBootEdu] [restartedMain] com.zaxxer.hikari.HikariDataSource       : HikariPool-1 - Starting...
2024-10-30T09:26:19.143+03:00  INFO 44560 --- [SBootEdu] [restartedMain] com.zaxxer.hikari.pool.HikariPool        : HikariPool-1 - Added connection conn0: url=jdbc:h2:file:./memory_persist/denemedb user=ROOT
2024-10-30T09:26:19.144+03:00  INFO 44560 --- [SBootEdu] [restartedMain] com.zaxxer.hikari.HikariDataSource       : HikariPool-1 - Start completed.
2024-10-30T09:26:19.152+03:00  INFO 44560 --- [SBootEdu] [restartedMain] o.s.b.a.h2.H2ConsoleAutoConfiguration    : H2 console available at '/h2-console'. Database available at 'jdbc:h2:file:./memory_persist/denemedb'
2024-10-30T09:26:19.287+03:00  INFO 44560 --- [SBootEdu] [restartedMain] o.hibernate.jpa.internal.util.LogHelper  : HHH000204: Processing PersistenceUnitInfo [name: default]
2024-10-30T09:26:19.344+03:00  INFO 44560 --- [SBootEdu] [restartedMain] org.hibernate.Version                    : HHH000412: Hibernate ORM core version 6.4.10.Final
2024-10-30T09:26:19.376+03:00  INFO 44560 --- [SBootEdu] [restartedMain] o.h.c.internal.RegionFactoryInitiator    : HHH000026: Second-level cache disabled
2024-10-30T09:26:19.558+03:00  INFO 44560 --- [SBootEdu] [restartedMain] o.s.o.j.p.SpringPersistenceUnitInfo      : No LoadTimeWeaver setup: ignoring JPA class transformer
2024-10-30T09:26:19.860+03:00  INFO 44560 --- [SBootEdu] [restartedMain] o.h.e.t.j.p.i.JtaPlatformInitiator       : HHH000489: No JTA platform available (set 'hibernate.transaction.jta.platform' to enable JTA platform integration)
2024-10-30T09:26:19.863+03:00  INFO 44560 --- [SBootEdu] [restartedMain] j.LocalContainerEntityManagerFactoryBean : Initialized JPA EntityManagerFactory for persistence unit 'default'
2024-10-30T09:26:19.901+03:00  INFO 44560 --- [SBootEdu] [restartedMain] com.gka.dto.BeanDto                      : Bean balamadan nce ben varm
2024-10-30T09:26:19.948+03:00  WARN 44560 --- [SBootEdu] [restartedMain] JpaBaseConfiguration$JpaWebConfiguration : spring.jpa.open-in-view is enabled by default. Therefore, database queries may be performed during view rendering. Explicitly configure spring.jpa.open-in-view to disable this warning
2024-10-30T09:26:20.202+03:00  WARN 44560 --- [SBootEdu] [restartedMain] ion$DefaultTemplateResolverConfiguration : Cannot find template location: classpath:/templates/ (please add some templates, check your Thymeleaf configuration, or set spring.thymeleaf.check-template-location=false)
2024-10-30T09:26:20.515+03:00  INFO 44560 --- [SBootEdu] [restartedMain] o.s.b.d.a.OptionalLiveReloadServer       : LiveReload server is running on port 35729
2024-10-30T09:26:20.521+03:00  INFO 44560 --- [SBootEdu] [restartedMain] o.s.b.a.e.web.EndpointLinksResolver      : Exposing 1 endpoint(s) beneath base path '/actuator'
2024-10-30T09:26:20.582+03:00  INFO 44560 --- [SBootEdu] [restartedMain] o.s.b.w.embedded.tomcat.TomcatWebServer  : Tomcat started on port 8080 (http) with context path ''
2024-10-30T09:26:20.594+03:00  INFO 44560 --- [SBootEdu] [restartedMain] com.gka.SBootEduApplication              : Started SBootEduApplication in 3.343 seconds (process running for 3.909)
2024-10-30T09:26:20.918+03:00  INFO 44560 --- [SBootEdu] [RMI TCP Connection(1)-192.168.1.104] o.a.c.c.C.[Tomcat].[localhost].[/]       : Initializing Spring DispatcherServlet 'dispatcherServlet'
2024-10-30T09:26:20.920+03:00  INFO 44560 --- [SBootEdu] [RMI TCP Connection(1)-192.168.1.104] o.s.web.servlet.DispatcherServlet        : Initializing Servlet 'dispatcherServlet'
2024-10-30T09:26:20.922+03:00  INFO 44560 --- [SBootEdu] [RMI TCP Connection(1)-192.168.1.104] o.s.web.servlet.DispatcherServlet        : Completed initialization in 2 ms
2024-10-30T09:28:12.144+03:00  INFO 44560 --- [SBootEdu] [SpringApplicationShutdownHook] com.gka.dto.BeanDto                      : Bean bittikten sonra ben varm
2024-10-30T09:28:12.145+03:00  INFO 44560 --- [SBootEdu] [SpringApplicationShutdownHook] j.LocalContainerEntityManagerFactoryBean : Closing JPA EntityManagerFactory for persistence unit 'default'
2024-10-30T09:28:12.149+03:00  INFO 44560 --- [SBootEdu] [SpringApplicationShutdownHook] com.zaxxer.hikari.HikariDataSource       : HikariPool-1 - Shutdown initiated...
2024-10-30T09:28:12.150+03:00  INFO 44560 --- [SBootEdu] [SpringApplicationShutdownHook] com.zaxxer.hikari.HikariDataSource       : HikariPool-1 - Shutdown completed.
